Flow report for golden_top
Wed May 03 02:13:58 2017
Quartus II 64-Bit Version 13.0.1 Build 232 06/12/2013 Service Pack 1 SJ Web Edition


---------------------
; Table of Contents ;
---------------------
  1. Legal Notice
  2. Flow Summary
  3. Flow Settings
  4. Flow Non-Default Global Settings
  5. Flow Elapsed Time
  6. Flow OS Summary
  7. Flow Log
  8. Flow Messages
  9. Flow Suppressed Messages



----------------
; Legal Notice ;
----------------
Copyright (C) 1991-2013 Altera Corporation
Your use of Altera Corporation's design tools, logic functions 
and other software and tools, and its AMPP partner logic 
functions, and any output files from any of the foregoing 
(including device programming or simulation files), and any 
associated documentation or information are expressly subject 
to the terms and conditions of the Altera Program License 
Subscription Agreement, Altera MegaCore Function License 
Agreement, or other applicable license agreement, including, 
without limitation, that your use is for the sole purpose of 
programming logic devices manufactured by Altera and sold by 
Altera or its authorized distributors.  Please refer to the 
applicable agreement for further details.



+-----------------------------------------------------------------------------+
; Flow Summary                                                                ;
+---------------------------+-------------------------------------------------+
; Flow Status               ; Flow Failed - Wed May 03 02:13:58 2017          ;
; Quartus II 64-Bit Version ; 13.0.1 Build 232 06/12/2013 SP 1 SJ Web Edition ;
; Revision Name             ; golden_top                                      ;
; Top-level Entity Name     ; maxv_5m570z_start_golden_top                    ;
; Family                    ; MAX V                                           ;
; Device                    ; 5M570ZF256C4                                    ;
; Timing Models             ; Final                                           ;
; Total logic elements      ; 1,197 / 570 ( 210 % )                           ;
; Total pins                ; 110 / 159 ( 69 % )                              ;
; Total virtual pins        ; 0                                               ;
; UFM blocks                ; 0 / 1 ( 0 % )                                   ;
+---------------------------+-------------------------------------------------+


+-----------------------------------------+
; Flow Settings                           ;
+-------------------+---------------------+
; Option            ; Setting             ;
+-------------------+---------------------+
; Start date & time ; 05/03/2017 02:13:51 ;
; Main task         ; Compilation         ;
; Revision Name     ; golden_top          ;
+-------------------+---------------------+


+----------------------------------------------------------------------------------------------------+
; Flow Non-Default Global Settings                                                                   ;
+------------------------+--------------------------------+---------------+-------------+------------+
; Assignment Name        ; Value                          ; Default Value ; Entity Name ; Section Id ;
+------------------------+--------------------------------+---------------+-------------+------------+
; COMPILER_SIGNATURE_ID  ; 22930451615180.149376683106108 ; --            ; --          ; --         ;
; MAX_CORE_JUNCTION_TEMP ; 85                             ; --            ; --          ; --         ;
; MIN_CORE_JUNCTION_TEMP ; 0                              ; --            ; --          ; --         ;
; TOP_LEVEL_ENTITY       ; maxv_5m570z_start_golden_top   ; golden_top    ; --          ; --         ;
+------------------------+--------------------------------+---------------+-------------+------------+


+--------------------------------------------------------------------------------------------------------------------------+
; Flow Elapsed Time                                                                                                        ;
+----------------------+--------------+-------------------------+---------------------+------------------------------------+
; Module Name          ; Elapsed Time ; Average Processors Used ; Peak Virtual Memory ; Total CPU Time (on all processors) ;
+----------------------+--------------+-------------------------+---------------------+------------------------------------+
; Analysis & Synthesis ; 00:00:03     ; 1.0                     ; 465 MB              ; 00:00:03                           ;
; Fitter               ; 00:00:03     ; 1.0                     ; 903 MB              ; 00:00:03                           ;
; Total                ; 00:00:06     ; --                      ; --                  ; 00:00:06                           ;
+----------------------+--------------+-------------------------+---------------------+------------------------------------+


+-----------------------------------------------------------------------------------+
; Flow OS Summary                                                                   ;
+----------------------+------------------+-----------+------------+----------------+
; Module Name          ; Machine Hostname ; OS Name   ; OS Version ; Processor type ;
+----------------------+------------------+-----------+------------+----------------+
; Analysis & Synthesis ; desktop          ; Windows 7 ; 6.2        ; x86_64         ;
; Fitter               ; desktop          ; Windows 7 ; 6.2        ; x86_64         ;
+----------------------+------------------+-----------+------------+----------------+


------------
; Flow Log ;
------------
quartus_map --read_settings_files=on --write_settings_files=off golden_top -c golden_top
quartus_fit --read_settings_files=off --write_settings_files=off golden_top -c golden_top



